2023.10.11 17:28:09 INFO  Started: Metals version 1.0.1 in folders 'C:\Users\Yukti\Desktop\codefest-project' for client Visual Studio Code 1.83.0.
Oct 11, 2023 5:28:09 PM org.flywaydb.core.internal.license.VersionPrinter printVersionOnly
INFO: Flyway Community Edition 9.21.2 by Redgate
Oct 11, 2023 5:28:09 PM org.flywaydb.core.internal.license.VersionPrinter printVersion
INFO: See release notes here: https://rd.gt/416ObMi
Oct 11, 2023 5:28:09 PM org.flywaydb.core.internal.license.VersionPrinter printVersion
INFO: 
Oct 11, 2023 5:28:10 PM org.flywaydb.core.FlywayExecutor execute
INFO: Database: jdbc:h2:file:C:\Users\Yukti\Desktop\codefest-project\.metals\metals (H2 2.1)
Oct 11, 2023 5:28:10 PM org.flywaydb.core.internal.schemahistory.JdbcTableSchemaHistory allAppliedMigrations
INFO: Schema history table "PUBLIC"."flyway_schema_history" does not exist yet
Oct 11, 2023 5:28:10 PM org.flywaydb.core.internal.command.DbValidate validate
INFO: Successfully validated 4 migrations (execution time 00:00.032s)
Oct 11, 2023 5:28:10 PM org.flywaydb.core.internal.schemahistory.JdbcTableSchemaHistory create
INFO: Creating Schema History table "PUBLIC"."flyway_schema_history" ...
Oct 11, 2023 5:28:10 PM org.flywaydb.core.internal.command.DbMigrate migrateGroup
INFO: Current version of schema "PUBLIC": << Empty Schema >>
Oct 11, 2023 5:28:10 PM org.flywaydb.core.internal.command.DbMigrate doMigrateGroup
INFO: Migrating schema "PUBLIC" to version "1 - Create tables"
Oct 11, 2023 5:28:10 PM org.flywaydb.core.internal.command.DbMigrate doMigrateGroup
INFO: Migrating schema "PUBLIC" to version "2 - Server discovery"
Oct 11, 2023 5:28:10 PM org.flywaydb.core.internal.command.DbMigrate doMigrateGroup
INFO: Migrating schema "PUBLIC" to version "3 - Jar symbols"
Oct 11, 2023 5:28:10 PM org.flywaydb.core.internal.command.DbMigrate doMigrateGroup
INFO: Migrating schema "PUBLIC" to version "4 - Fingerprints"
Oct 11, 2023 5:28:10 PM org.flywaydb.core.internal.command.DbMigrate logSummary
INFO: Successfully applied 4 migrations to schema "PUBLIC", now at version v4 (execution time 00:00.027s)
2023.10.11 17:28:10 INFO  time: initialize in 0.91s
2023.10.11 17:28:11 WARN  Build server is not auto-connectable.
2023.10.11 17:28:11 WARN  no build tool detected in workspace 'C:\Users\Yukti\Desktop\codefest-project'. The most common cause for this problem is that the editor was opened in the wrong working directory, for example if you use sbt then the workspace directory should contain build.sbt. 
Oct 11, 2023 5:57:33 PM org.eclipse.lsp4j.jsonrpc.services.GenericEndpoint notify
INFO: Unsupported notification method: $/setTrace
Oct 11, 2023 5:57:41 PM org.eclipse.lsp4j.jsonrpc.services.GenericEndpoint notify
INFO: Unsupported notification method: $/setTrace
Oct 11, 2023 5:57:41 PM org.eclipse.lsp4j.jsonrpc.services.GenericEndpoint notify
INFO: Unsupported notification method: $/setTrace
2023.10.11 21:57:10 INFO  Shutting down server
2023.10.11 21:57:10 INFO  shutting down Metals
2023.10.11 21:57:10 INFO  Exiting server
